android/app/build/intermediates/manifest_merge_blame_file/debug/manifest-merger-blame-debug-report.txt
1<?xml version="1.0" encoding="utf-8"?>
2<manifest xmlns:android="http://schemas.android.com/apk/res/android"
3    package="com.netbaires"
4    android:versionCode="9"
5    android:versionName="1.0.5" >
6
7    <uses-sdk
8        android:minSdkVersion="16"
8-->src/main/AndroidManifest.xml
9        android:targetSdkVersion="28" />
9-->src/main/AndroidManifest.xml
10
11    <uses-permission android:name="android.permission.INTERNET" />
11-->src/main/AndroidManifest.xml:4:5-67
11-->src/main/AndroidManifest.xml:4:22-64
12    <uses-permission android:name="android.permission.SYSTEM_ALERT_WINDOW" />
12-->src/main/AndroidManifest.xml:5:5-77
12-->src/main/AndroidManifest.xml:5:22-75
13    <uses-permission android:name="android.permission.CAMERA" />
13-->src/main/AndroidManifest.xml:6:5-65
13-->src/main/AndroidManifest.xml:6:22-62
14    <uses-permission android:name="android.permission.WRITE_EXTERNAL_STORAGE" />
14-->src/main/AndroidManifest.xml:7:5-80
14-->src/main/AndroidManifest.xml:7:22-78
15    <uses-permission android:name="android.permission.ACCESS_COARSE_LOCATION" /> <!-- Include required permissions for Google Maps API to run. -->
15-->[:react-native-maps] AndroidManifest.xml:10:5-81
15-->[:react-native-maps] AndroidManifest.xml:10:22-78
16    <uses-permission android:name="android.permission.ACCESS_NETWORK_STATE" />
16-->[com.google.android.gms:play-services-maps:16.1.0] AndroidManifest.xml:23:5-79
16-->[com.google.android.gms:play-services-maps:16.1.0] AndroidManifest.xml:23:22-76
17
18    <uses-feature
18-->[com.google.android.gms:play-services-maps:16.1.0] AndroidManifest.xml:26:5-28:35
19        android:glEsVersion="0x00020000"
19-->[com.google.android.gms:play-services-maps:16.1.0] AndroidManifest.xml:27:9-41
20        android:required="true" />
20-->[com.google.android.gms:play-services-maps:16.1.0] AndroidManifest.xml:28:9-32
21
22    <application
22-->src/main/AndroidManifest.xml:8:5-40:19
23        android:name="com.netbaires.MainApplication"
23-->src/main/AndroidManifest.xml:9:7-38
24        android:allowBackup="false"
24-->src/main/AndroidManifest.xml:12:7-34
25        android:appComponentFactory="androidx.core.app.CoreComponentFactory"
25-->[androidx.core:core:1.1.0] AndroidManifest.xml:24:18-86
26        android:debuggable="true"
27        android:icon="@mipmap/ic_launcher"
27-->src/main/AndroidManifest.xml:11:7-41
28        android:label="@string/app_name"
28-->src/main/AndroidManifest.xml:10:7-39
29        android:theme="@style/AppTheme"
29-->src/main/AndroidManifest.xml:14:7-38
30        android:usesCleartextTraffic="true" >
30-->src/main/AndroidManifest.xml:13:7-42
31        <meta-data
31-->src/main/AndroidManifest.xml:15:7-17:64
32            android:name="com.google.android.geo.API_KEY"
32-->src/main/AndroidManifest.xml:16:7-52
33            android:value="AIzaSyDvaS7W8iRIZTGJ6v5yePMWF4B2sCEVWqg" />
33-->src/main/AndroidManifest.xml:17:7-62
34
35        <activity
35-->src/main/AndroidManifest.xml:18:7-38:18
36            android:name="com.netbaires.MainActivity"
36-->src/main/AndroidManifest.xml:19:9-37
37            android:configChanges="keyboard|keyboardHidden|orientation|screenSize"
37-->src/main/AndroidManifest.xml:22:9-79
38            android:label="@string/app_name"
38-->src/main/AndroidManifest.xml:20:9-41
39            android:launchMode="singleTask"
39-->src/main/AndroidManifest.xml:21:9-40
40            android:windowSoftInputMode="adjustResize" >
40-->src/main/AndroidManifest.xml:23:9-51
41            <intent-filter>
41-->src/main/AndroidManifest.xml:24:9-27:25
42                <action android:name="android.intent.action.MAIN" />
42-->src/main/AndroidManifest.xml:25:13-65
42-->src/main/AndroidManifest.xml:25:21-62
43
44                <category android:name="android.intent.category.LAUNCHER" />
44-->src/main/AndroidManifest.xml:26:13-73
44-->src/main/AndroidManifest.xml:26:23-70
45            </intent-filter>
46            <intent-filter android:label="@string/app_name" >
46-->src/main/AndroidManifest.xml:28:9-34:25
46-->src/main/AndroidManifest.xml:28:24-56
47                <action android:name="android.intent.action.VIEW" />
47-->src/main/AndroidManifest.xml:29:11-63
47-->src/main/AndroidManifest.xml:29:19-60
48
49                <category android:name="android.intent.category.DEFAULT" />
49-->src/main/AndroidManifest.xml:30:11-70
49-->src/main/AndroidManifest.xml:30:21-67
50                <category android:name="android.intent.category.BROWSABLE" />
50-->src/main/AndroidManifest.xml:31:11-72
50-->src/main/AndroidManifest.xml:31:21-69
51
52                <data
52-->src/main/AndroidManifest.xml:32:11-33:39
53                    android:host="link"
53-->src/main/AndroidManifest.xml:33:17-36
54                    android:scheme="netbaires" />
54-->src/main/AndroidManifest.xml:32:17-43
55            </intent-filter>
56        </activity>
57        <activity android:name="com.facebook.react.devsupport.DevSettingsActivity" />
57-->src/main/AndroidManifest.xml:39:7-84
57-->src/main/AndroidManifest.xml:39:17-81
58
59        <provider
59-->[:react-native-image-picker] AndroidManifest.xml:10:9-18:20
60            android:name="com.imagepicker.FileProvider"
60-->[:react-native-image-picker] AndroidManifest.xml:11:13-56
61            android:authorities="com.netbaires.provider"
61-->[:react-native-image-picker] AndroidManifest.xml:12:13-60
62            android:exported="false"
62-->[:react-native-image-picker] AndroidManifest.xml:13:13-37
63            android:grantUriPermissions="true" >
63-->[:react-native-image-picker] AndroidManifest.xml:14:13-47
64            <meta-data
64-->[:react-native-image-picker] AndroidManifest.xml:15:13-17:58
65                android:name="android.support.FILE_PROVIDER_PATHS"
65-->[:react-native-image-picker] AndroidManifest.xml:16:17-67
66                android:resource="@xml/provider_paths" />
66-->[:react-native-image-picker] AndroidManifest.xml:17:17-55
67        </provider>
68        <provider
68-->[:react-native-share] AndroidManifest.xml:12:9-20:20
69            android:name="cl.json.RNShareFileProvider"
69-->[:react-native-share] AndroidManifest.xml:13:13-55
70            android:authorities="com.netbaires.rnshare.fileprovider"
70-->[:react-native-share] AndroidManifest.xml:14:13-72
71            android:exported="false"
71-->[:react-native-share] AndroidManifest.xml:15:13-37
72            android:grantUriPermissions="true" >
72-->[:react-native-share] AndroidManifest.xml:16:13-47
73            <meta-data
73-->[:react-native-image-picker] AndroidManifest.xml:15:13-17:58
74                android:name="android.support.FILE_PROVIDER_PATHS"
74-->[:react-native-image-picker] AndroidManifest.xml:16:17-67
75                android:resource="@xml/share_download_paths" />
75-->[:react-native-image-picker] AndroidManifest.xml:17:17-55
76        </provider>
77
78        <meta-data
78-->[com.github.bumptech.glide:okhttp3-integration:4.9.0] AndroidManifest.xml:11:9-13:43
79            android:name="com.bumptech.glide.integration.okhttp3.OkHttpGlideModule"
79-->[com.github.bumptech.glide:okhttp3-integration:4.9.0] AndroidManifest.xml:12:13-84
80            android:value="GlideModule" /> <!-- Needs to be explicitly declared on P+ -->
80-->[com.github.bumptech.glide:okhttp3-integration:4.9.0] AndroidManifest.xml:13:13-40
81        <uses-library
81-->[com.google.android.gms:play-services-maps:16.1.0] AndroidManifest.xml:33:9-35:40
82            android:name="org.apache.http.legacy"
82-->[com.google.android.gms:play-services-maps:16.1.0] AndroidManifest.xml:34:13-50
83            android:required="false" />
83-->[com.google.android.gms:play-services-maps:16.1.0] AndroidManifest.xml:35:13-37
84
85        <activity
85-->[com.google.android.gms:play-services-base:16.1.0] AndroidManifest.xml:23:9-26:75
86            android:name="com.google.android.gms.common.api.GoogleApiActivity"
86-->[com.google.android.gms:play-services-base:16.1.0] AndroidManifest.xml:24:13-79
87            android:exported="false"
87-->[com.google.android.gms:play-services-base:16.1.0] AndroidManifest.xml:25:13-37
88            android:theme="@android:style/Theme.Translucent.NoTitleBar" />
88-->[com.google.android.gms:play-services-base:16.1.0] AndroidManifest.xml:26:13-72
89
90        <meta-data
90-->[com.google.android.gms:play-services-basement:16.2.0] AndroidManifest.xml:23:9-25:69
91            android:name="com.google.android.gms.version"
91-->[com.google.android.gms:play-services-basement:16.2.0] AndroidManifest.xml:24:13-58
92            android:value="@integer/google_play_services_version" />
92-->[com.google.android.gms:play-services-basement:16.2.0] AndroidManifest.xml:25:13-66
93    </application>
94
95</manifest>